This is pdfTeX, Version 3.141592653-2.6-1.40.24 (MiKTeX 22.3) (preloaded format=pdflatex 2022.3.14)  14 MAR 2022 16:42
entering extended mode
 restricted \write18 enabled.
 file:line:error style messages enabled.
 %&-line parsing enabled.
**"c:/Users/mkusumgar/OneDrive - whtc.co.uk/Documents/Lessons/Y13 Physics/ExamQuestions.tex"
(c:/Users/mkusumgar/OneDrive - whtc.co.uk/Documents/Lessons/Y13 Physics/ExamQuestions.tex
LaTeX2e <2021-11-15> patch level 1
L3 programming layer <2022-02-24> (C:\Users\mkusumgar\AppData\Local\Programs\MiKTeX\tex/latex/base\article.cls
Document Class: article 2021/10/04 v1.4n Standard LaTeX document class
(C:\Users\mkusumgar\AppData\Local\Programs\MiKTeX\tex/latex/base\size12.clo
File: size12.clo 2021/10/04 v1.4n Standard LaTeX file (size option)
)
\c@part=\count185
\c@section=\count186
\c@subsection=\count187
\c@subsubsection=\count188
\c@paragraph=\count189
\c@subparagraph=\count190
\c@figure=\count191
\c@table=\count192
\abovecaptionskip=\skip47
\belowcaptionskip=\skip48
\bibindent=\dimen138
) (C:\Users\mkusumgar\AppData\Local\Programs\MiKTeX\tex/latex/graphics\graphicx.sty
Package: graphicx 2021/09/16 v1.2d Enhanced LaTeX Graphics (DPC,SPQR)
 (C:\Users\mkusumgar\AppData\Local\Programs\MiKTeX\tex/latex/graphics\keyval.sty
Package: keyval 2014/10/28 v1.15 key=value parser (DPC)
\KV@toks@=\toks16
) (C:\Users\mkusumgar\AppData\Local\Programs\MiKTeX\tex/latex/graphics\graphics.sty
Package: graphics 2021/03/04 v1.4d Standard LaTeX Graphics (DPC,SPQR)
 (C:\Users\mkusumgar\AppData\Local\Programs\MiKTeX\tex/latex/graphics\trig.sty
Package: trig 2021/08/11 v1.11 sin cos tan (DPC)
) (C:\Users\mkusumgar\AppData\Local\Programs\MiKTeX\tex/latex/graphics-cfg\graphics.cfg
File: graphics.cfg 2016/06/04 v1.11 sample graphics configuration
)
Package graphics Info: Driver file: pdftex.def on input line 107.
 (C:\Users\mkusumgar\AppData\Local\Programs\MiKTeX\tex/latex/graphics-def\pdftex.def
File: pdftex.def 2020/10/05 v1.2a Graphics/color driver for pdftex
))
\Gin@req@height=\dimen139
\Gin@req@width=\dimen140
) (C:\Users\mkusumgar\AppData\Local\Programs\MiKTeX\tex/latex/l3backend\l3backend-pdftex.def
File: l3backend-pdftex.def 2022-02-07 L3 backend support: PDF output (pdfTeX)
\l__color_backend_stack_int=\count193
\l__pdf_internal_box=\box50
) (ExamQuestions.aux)
\openout1 = `ExamQuestions.aux'.

LaTeX Font Info:    Checking defaults for OML/cmm/m/it on input line 4.
LaTeX Font Info:    ... okay on input line 4.
LaTeX Font Info:    Checking defaults for OMS/cmsy/m/n on input line 4.
LaTeX Font Info:    ... okay on input line 4.
LaTeX Font Info:    Checking defaults for OT1/cmr/m/n on input line 4.
LaTeX Font Info:    ... okay on input line 4.
LaTeX Font Info:    Checking defaults for T1/cmr/m/n on input line 4.
LaTeX Font Info:    ... okay on input line 4.
LaTeX Font Info:    Checking defaults for TS1/cmr/m/n on input line 4.
LaTeX Font Info:    ... okay on input line 4.
LaTeX Font Info:    Checking defaults for OMX/cmex/m/n on input line 4.
LaTeX Font Info:    ... okay on input line 4.
LaTeX Font Info:    Checking defaults for U/cmr/m/n on input line 4.
LaTeX Font Info:    ... okay on input line 4.
 (C:\Users\mkusumgar\AppData\Local\Programs\MiKTeX\tex/context/base/mkii\supp-pdf.mkii
[Loading MPS to PDF converter (version 2006.09.02).]
\scratchcounter=\count194
\scratchdimen=\dimen141
\scratchbox=\box51
\nofMPsegments=\count195
\nofMParguments=\count196
\everyMPshowfont=\toks17
\MPscratchCnt=\count197
\MPscratchDim=\dimen142
\MPnumerator=\count198
\makeMPintoPDFobject=\count199
\everyMPtoPDFconversion=\toks18
) (C:\Users\mkusumgar\AppData\Local\Programs\MiKTeX\tex/latex/epstopdf-pkg\epstopdf-base.sty
Package: epstopdf-base 2020-01-24 v2.11 Base part for package epstopdf
Package epstopdf-base Info: Redefining graphics rule for `.eps' on input line 485.
 (C:\Users\mkusumgar\AppData\Local\Programs\MiKTeX\tex/latex/00miktex\epstopdf-sys.cfg
File: epstopdf-sys.cfg 2021/03/18 v2.0 Configuration of epstopdf for MiKTeX
))
<Question1.jpg, id=1, 560.0925pt x 217.5628pt>
File: Question1.jpg Graphic file (type jpg)
<use Question1.jpg>
Package pdftex.def Info: Question1.jpg  used on input line 9.
(pdftex.def)             Requested size: 390.0pt x 151.4995pt.
<Question2.jpg, id=2, 615.80063pt x 71.51718pt>
File: Question2.jpg Graphic file (type jpg)
<use Question2.jpg>
Package pdftex.def Info: Question2.jpg  used on input line 13.
(pdftex.def)             Requested size: 390.0pt x 45.29395pt.
<Question4.jpg, id=3, 650.43pt x 95.6072pt>
File: Question4.jpg Graphic file (type jpg)
<use Question4.jpg>
Package pdftex.def Info: Question4.jpg  used on input line 17.
(pdftex.def)             Requested size: 390.0pt x 57.32828pt.
<Question10.jpg, id=4, 435.87843pt x 70.01157pt>
File: Question10.jpg Graphic file (type jpg)
<use Question10.jpg>
Package pdftex.def Info: Question10.jpg  used on input line 21.
(pdftex.def)             Requested size: 390.0pt x 62.64232pt.
<Question10P2.jpg, id=5, 435.87843pt x 51.94406pt>
File: Question10P2.jpg Graphic file (type jpg)
<use Question10P2.jpg>
Package pdftex.def Info: Question10P2.jpg  used on input line 22.
(pdftex.def)             Requested size: 390.0pt x 46.47655pt.


LaTeX Warning: `h' float specifier changed to `ht'.

<Question3P1.jpg, id=6, 630.10406pt x 353.82187pt>
File: Question3P1.jpg Graphic file (type jpg)
<use Question3P1.jpg>
Package pdftex.def Info: Question3P1.jpg  used on input line 26.
(pdftex.def)             Requested size: 390.0pt x 218.99477pt.
<Question3P2.jpg, id=7, 644.4075pt x 410.2828pt>
File: Question3P2.jpg Graphic file (type jpg)
<use Question3P2.jpg>
Package pdftex.def Info: Question3P2.jpg  used on input line 27.
(pdftex.def)             Requested size: 390.0pt x 248.31264pt.
<Question3P3.jpg, id=8, 656.4525pt x 42.91031pt>
File: Question3P3.jpg Graphic file (type jpg)
<use Question3P3.jpg>
Package pdftex.def Info: Question3P3.jpg  used on input line 28.
(pdftex.def)             Requested size: 390.0pt x 25.49298pt.
<Question3P4.jpg, id=9, 656.4525pt x 80.55093pt>
File: Question3P4.jpg Graphic file (type jpg)
<use Question3P4.jpg>
Package pdftex.def Info: Question3P4.jpg  used on input line 29.
(pdftex.def)             Requested size: 390.0pt x 47.85526pt.
<Question3P5.jpg, id=10, 656.4525pt x 63.23625pt>
File: Question3P5.jpg Graphic file (type jpg)
<use Question3P5.jpg>
Package pdftex.def Info: Question3P5.jpg  used on input line 30.
(pdftex.def)             Requested size: 390.0pt x 37.5686pt.

LaTeX Warning: Float too large for page by 33.72424pt on input line 31.


LaTeX Warning: `h' float specifier changed to `ht'.

<Question6.jpg, id=11, 542.77782pt x 151.3153pt>
File: Question6.jpg Graphic file (type jpg)
<use Question6.jpg>
Package pdftex.def Info: Question6.jpg  used on input line 34.
(pdftex.def)             Requested size: 390.0pt x 108.72758pt.

LaTeX Warning: `h' float specifier changed to `ht'.

<Question7.jpg, id=12, 435.87843pt x 162.6075pt>
File: Question7.jpg Graphic file (type jpg)
<use Question7.jpg>
Package pdftex.def Info: Question7.jpg  used on input line 38.
(pdftex.def)             Requested size: 390.0pt x 145.49187pt.

LaTeX Warning: `h' float specifier changed to `ht'.

<Question8.jpg, id=13, 435.87843pt x 162.6075pt>
File: Question8.jpg Graphic file (type jpg)
<use Question8.jpg>
Package pdftex.def Info: Question8.jpg  used on input line 42.
(pdftex.def)             Requested size: 390.0pt x 145.49187pt.

LaTeX Warning: `h' float specifier changed to `ht'.

<Question9.jpg, id=14, 435.87843pt x 78.2925pt>
File: Question9.jpg Graphic file (type jpg)
<use Question9.jpg>
Package pdftex.def Info: Question9.jpg  used on input line 46.
(pdftex.def)             Requested size: 390.0pt x 70.05162pt.

LaTeX Warning: `h' float specifier changed to `ht'.

[1

{C:/Users/mkusumgar/AppData/Local/MiKTeX/fonts/map/pdftex/pdftex.map} <./Question1.jpg> <./Question2.jpg> <./Question4.jpg>] [2 <./Question10.jpg> <./Question10P2.jpg>] [3 <./Question3P1.jpg> <./Question3P2.jpg> <./Question3P3.jpg> <./Question3P4.jpg> <./Question3P5.jpg>] [4 <./Question6.jpg> <./Question7.jpg> <./Question8.jpg> <./Question9.jpg>] (ExamQuestions.aux) ) 
Here is how much of TeX's memory you used:
 1355 strings out of 478582
 23361 string characters out of 2842456
 311743 words of memory out of 3000000
 19569 multiletter control sequences out of 15000+600000
 470163 words of font info for 31 fonts, out of 8000000 for 9000
 1141 hyphenation exceptions out of 8191
 55i,6n,62p,263b,218s stack positions out of 10000i,1000n,20000p,200000b,80000s
<C:/Users/mkusumgar/AppData/Local/Programs/MiKTeX/fonts/type1/public/amsfonts/cm/cmbx12.pfb><C:/Users/mkusumgar/AppData/Local/Programs/MiKTeX/fonts/type1/public/amsfonts/cm/cmr12.pfb>
Output written on ExamQuestions.pdf (4 pages, 409705 bytes).
PDF statistics:
 39 PDF objects out of 1000 (max. 8388607)
 0 named destinations out of 1000 (max. 500000)
 71 words of extra memory for PDF output out of 10000 (max. 10000000)

